[SSM] Numba enabled with 15 threads
======================================================================
BRUSSELS CROSSWALK PEDESTRIAN-VEHICLE DETECTION
======================================================================
Date: 2025-06-06 to 2025-06-06
Data: /home/kaushik/Kezual/Flow_analytics/data
Output: /home/kaushik/Kezual/Flow_analytics/results/mdrac
Smoke mode: max_hours=1
Vehicle labels: [1, 2, 3, 4, 6, 7, 8]
======================================================================

Loading data...
[MEMORY] Before loading: 169.7 MB

Loading data:   0%|          | 0/1 [00:00<?, ?it/s]
Loading data: 100%|██████████| 1/1 [00:00<00:00, 10.14it/s]
[DF MEMORY] Loaded data: 45.6 MB (783,540 rows)
Loaded 783,540 records

======================================================================
Lifetime Filtering
======================================================================
[lifespan filter] Removed 7 short-lived IDs
  Before: 278 IDs (783,540 rows)
  After: 271 IDs (783,223 rows)
[DF MEMORY] After lifetime filter: 51.5 MB (783,223 rows)

======================================================================
Footpath Zone Filtering
======================================================================
Attaching footpath zones to 783,223 rows...
[MEMORY] Before footpath zones: 420.9 MB

Zone assignment batches:   0%|          | 0/8 [00:00<?, ?it/s]
Zone assignment batches:  12%|█▎        | 1/8 [00:00<00:00,  8.52it/s]
Zone assignment batches:  38%|███▊      | 3/8 [00:00<00:00,  9.37it/s]
Zone assignment batches:  62%|██████▎   | 5/8 [00:00<00:00,  9.67it/s]
Zone assignment batches:  75%|███████▌  | 6/8 [00:00<00:00,  9.50it/s]
Zone assignment batches:  88%|████████▊ | 7/8 [00:00<00:00,  8.02it/s]
Zone assignment batches: 100%|██████████| 8/8 [00:00<00:00,  7.87it/s]
Zone assignment batches: 100%|██████████| 8/8 [00:00<00:00,  8.48it/s]
[MEMORY] After footpath zones: 505.9 MB
✓ Zones attached! Total rows: 783,223
[footpath zone] Removed 0 objects
[MEMORY] After footpath filter: 452.6 MB

======================================================================
Crosswalk Zone Assignment
======================================================================
Attaching crosswalk zones to 783,223 rows...
[MEMORY] Before crosswalk zones: 452.6 MB

Zone assignment batches:   0%|          | 0/8 [00:00<?, ?it/s]
Zone assignment batches:  25%|██▌       | 2/8 [00:00<00:00, 10.44it/s]
Zone assignment batches:  50%|█████     | 4/8 [00:00<00:00, 11.18it/s]
Zone assignment batches:  75%|███████▌  | 6/8 [00:00<00:00, 11.24it/s]
Zone assignment batches: 100%|██████████| 8/8 [00:00<00:00, 12.56it/s]
Zone assignment batches: 100%|██████████| 8/8 [00:00<00:00, 11.96it/s]
[MEMORY] After crosswalk zones: 509.6 MB
✓ Zones attached! Total rows: 783,223

Vehicles in crosswalk zones: 3,066
Label distribution in crosswalk zones:
label
4    1175
2    1070
1     586
6      97
3      93
7      31
8      14
Name: count, dtype: int64

[crosswalk] Removed 0 parallel vehicles
[crosswalk] Final vehicles in zones: 3,066

Label distribution after parallel filter:
label
4    1175
2    1070
1     586
6      97
3      93
7      31
8      14
Name: count, dtype: int64
[MEMORY] After crosswalk zone filtering: 456.6 MB

======================================================================
Static Object Removal
======================================================================
[static filter] Found 0 static objects
[static filter] Removed 0 static objects
  Before: 151 IDs (3,066 rows)
  After: 151 IDs (3,066 rows)
[DF MEMORY] After static filter: 0.4 MB (3,066 rows)
Final objects for pair generation: 3,066

======================================================================
CROSSWALK PAIR GENERATION
======================================================================

Generating pairs from 3,066 crosswalk vehicles...
[MEMORY] Before pair generation: 456.8 MB
  Filtered vehicles: 2,305
  Generating pairs (max_distance=8.0m)...
  Processing 2,216 timestamps (batch_size=5,000)

  Pair generation:   0%|          | 0/1 [00:00<?, ?it/s]
  Pair generation: 100%|██████████| 1/1 [00:00<00:00, 448.16it/s]
  Applying overlap filter (buffer=0.5m)...
  ✓ Generated 12 nearby pairs (after overlap filter)
  ✓ Added zone information (zone1/zone2 columns)
  ✓ Generated 12 nearby pairs

Applying MDRAC filters with ped-vehicle label sets...
  Label sets: Pedestrians [1] × Vehicles [4,6,7,8,3,2]
  Skipping same-lane filter (pedestrians cross between lanes)
  Label filter ([1] × [4, 6, 7, 8, 3, 2]): 0 pairs
  ✓ After MDRAC filters: 0 pairs

⚠️  No crosswalk ped-vehicle pairs after filtering.
✓ Saved 0 conflicts to /home/kaushik/Kezual/Flow_analytics/results/mdrac/brussels/crosswalks/2025-06-06/mdrac_2025-06-06.csv

✓ Saved to /home/kaushik/Kezual/Flow_analytics/results/mdrac/brussels/crosswalks/2025-06-06/mdrac_2025-06-06.csv

======================================================================
CROSSWALK ANALYSIS COMPLETE
======================================================================
Total Conflicts: 0
======================================================================
$ /home/kaushik/miniconda3/envs/flow_env/bin/python /home/kaushik/Kezual/Flow_analytics/regions/brussels/crosswalk_main.py --start-date 2025-06-06 --end-date 2025-06-06 --data-dir /home/kaushik/Kezual/Flow_analytics/data --output-dir /home/kaushik/Kezual/Flow_analytics/results/mdrac --max-hours 1

