[SSM] Numba enabled with 15 threads
======================================================================
BRUSSELS CROSSWALK PEDESTRIAN-VEHICLE DETECTION
======================================================================
Date: 2025-06-05 00 to 2025-06-05
Data: /home/kaushik/Kezual/Flow_analytics/data
Output: /home/kaushik/Kezual/Flow_analytics/results/mdrac
Smoke mode: max_hours=1
Vehicle labels: [1, 2, 3, 4, 6, 7, 8]
======================================================================

Loading data...
[MEMORY] Before loading: 170.3 MB

Loading data:   0%|          | 0/1 [00:00<?, ?it/s]
Loading data: 100%|██████████| 1/1 [00:00<00:00,  7.84it/s]
Loading data: 100%|██████████| 1/1 [00:00<00:00,  7.82it/s]
[DF MEMORY] Loaded data: 44.0 MB (756,104 rows)
Loaded 756,104 records

======================================================================
Lifetime Filtering
======================================================================
[lifespan filter] Removed 7 short-lived IDs
  Before: 236 IDs (756,104 rows)
  After: 229 IDs (755,695 rows)
[DF MEMORY] After lifetime filter: 49.7 MB (755,695 rows)

======================================================================
Footpath Zone Filtering
======================================================================
Attaching footpath zones to 755,695 rows...
[MEMORY] Before footpath zones: 422.9 MB

Zone assignment batches:   0%|          | 0/8 [00:00<?, ?it/s]
Zone assignment batches:  12%|█▎        | 1/8 [00:00<00:00,  8.08it/s]
Zone assignment batches:  25%|██▌       | 2/8 [00:00<00:00,  8.92it/s]
Zone assignment batches:  38%|███▊      | 3/8 [00:00<00:00,  9.15it/s]
Zone assignment batches:  50%|█████     | 4/8 [00:00<00:00,  9.28it/s]
Zone assignment batches:  62%|██████▎   | 5/8 [00:00<00:00,  9.32it/s]
Zone assignment batches:  75%|███████▌  | 6/8 [00:00<00:00,  8.80it/s]
Zone assignment batches:  88%|████████▊ | 7/8 [00:00<00:00,  9.02it/s]
Zone assignment batches: 100%|██████████| 8/8 [00:00<00:00,  9.77it/s]
/home/kaushik/Kezual/Flow_analytics/filters/preprocessing/zone_assignment.py:83: FutureWarning: The behavior of DataFrame concatenation with empty or all-NA entries is deprecated. In a future version, this will no longer exclude empty or all-NA columns when determining the result dtypes. To retain the old behavior, exclude the relevant entries before the concat operation.
  result = pd.concat(output_chunks, ignore_index=True)
[MEMORY] After footpath zones: 510.0 MB
✓ Zones attached! Total rows: 755,695
[footpath zone] Removed 2 objects
[MEMORY] After footpath filter: 416.2 MB

======================================================================
Crosswalk Zone Assignment
======================================================================
Attaching crosswalk zones to 747,160 rows...
[MEMORY] Before crosswalk zones: 416.2 MB

Zone assignment batches:   0%|          | 0/8 [00:00<?, ?it/s]
Zone assignment batches:  12%|█▎        | 1/8 [00:00<00:00,  8.12it/s]
Zone assignment batches:  25%|██▌       | 2/8 [00:00<00:00,  8.63it/s]
Zone assignment batches:  38%|███▊      | 3/8 [00:00<00:00,  8.35it/s]
Zone assignment batches:  50%|█████     | 4/8 [00:00<00:00,  7.96it/s]
Zone assignment batches:  62%|██████▎   | 5/8 [00:00<00:00,  7.66it/s]
Zone assignment batches:  75%|███████▌  | 6/8 [00:00<00:00,  7.19it/s]
Zone assignment batches:  88%|████████▊ | 7/8 [00:00<00:00,  7.30it/s]
Zone assignment batches: 100%|██████████| 8/8 [00:00<00:00,  8.21it/s]
/home/kaushik/Kezual/Flow_analytics/filters/preprocessing/zone_assignment.py:83: FutureWarning: The behavior of DataFrame concatenation with empty or all-NA entries is deprecated. In a future version, this will no longer exclude empty or all-NA columns when determining the result dtypes. To retain the old behavior, exclude the relevant entries before the concat operation.
  result = pd.concat(output_chunks, ignore_index=True)
[MEMORY] After crosswalk zones: 505.6 MB
✓ Zones attached! Total rows: 747,160

Vehicles in crosswalk zones: 1,986
Label distribution in crosswalk zones:
label
4    1064
1     679
6     100
3      52
7      42
5      26
8      14
2       9
Name: count, dtype: int64

[crosswalk] Removed 0 parallel vehicles
[crosswalk] Final vehicles in zones: 1,986

Label distribution after parallel filter:
label
4    1064
1     679
6     100
3      52
7      42
5      26
8      14
2       9
Name: count, dtype: int64
[MEMORY] After crosswalk zone filtering: 432.5 MB

======================================================================
Static Object Removal
======================================================================
[static filter] Found 0 static objects
[static filter] Removed 0 static objects
  Before: 132 IDs (1,986 rows)
  After: 132 IDs (1,986 rows)
[DF MEMORY] After static filter: 0.1 MB (1,986 rows)
Final objects for pair generation: 1,986

======================================================================
CROSSWALK PAIR GENERATION
======================================================================

Generating pairs from 1,986 crosswalk vehicles...
[MEMORY] Before pair generation: 432.7 MB
  Filtered vehicles: 1,941
  Generating pairs (max_distance=8.0m)...
  Processing 1,887 timestamps (batch_size=5,000)

  Pair generation:   0%|          | 0/1 [00:00<?, ?it/s]
  Pair generation: 100%|██████████| 1/1 [00:00<00:00, 436.77it/s]
  Applying overlap filter (buffer=0.5m)...
  ✓ Generated 2 nearby pairs (after overlap filter)
  ✓ Added zone information (zone1/zone2 columns)
  ✓ Generated 2 nearby pairs

Applying MDRAC filters with ped-vehicle label sets...
  Label sets: Pedestrians [1] × Vehicles [4,6,7,8,3,2]
  Skipping same-lane filter (pedestrians cross between lanes)
  Label filter ([1] × [4, 6, 7, 8, 3, 2]): 0 pairs
  ✓ After MDRAC filters: 0 pairs

!  No crosswalk ped-vehicle pairs after filtering.
✓ Saved 0 conflicts to /home/kaushik/Kezual/Flow_analytics/results/mdrac/brussels/crosswalks/2025-06-05/mdrac_2025-06-05.csv

✓ Saved to /home/kaushik/Kezual/Flow_analytics/results/mdrac/brussels/crosswalks/2025-06-05/mdrac_2025-06-05.csv

======================================================================
CROSSWALK ANALYSIS COMPLETE
======================================================================
Total Conflicts: 0
======================================================================
$ /home/kaushik/miniconda3/envs/flow_env/bin/python /home/kaushik/Kezual/Flow_analytics/regions/brussels/crosswalk_main.py --start-date 2025-06-05 --start-time 00 --end-date 2025-06-05 --data-dir /home/kaushik/Kezual/Flow_analytics/data --output-dir /home/kaushik/Kezual/Flow_analytics/results/mdrac --max-hours 1

