[SSM] Numba enabled with 15 threads
======================================================================
BRUSSELS CROSSWALK PEDESTRIAN-VEHICLE DETECTION
======================================================================
Date: 2025-06-07 to 2025-06-07
Data: /home/kaushik/Kezual/Flow_analytics/data
Output: /home/kaushik/Kezual/Flow_analytics/results/mdrac
Smoke mode: max_hours=1
Vehicle labels: [1, 2, 3, 4, 6, 7, 8]
======================================================================

Loading data...
[MEMORY] Before loading: 170.1 MB

Loading data:   0%|          | 0/1 [00:00<?, ?it/s]
Loading data: 100%|██████████| 1/1 [00:00<00:00,  8.12it/s]
Loading data: 100%|██████████| 1/1 [00:00<00:00,  8.10it/s]
[DF MEMORY] Loaded data: 57.4 MB (986,767 rows)
Loaded 986,767 records

======================================================================
Lifetime Filtering
======================================================================
[lifespan filter] Removed 18 short-lived IDs
  Before: 667 IDs (986,767 rows)
  After: 649 IDs (985,451 rows)
[DF MEMORY] After lifetime filter: 64.8 MB (985,451 rows)

======================================================================
Footpath Zone Filtering
======================================================================
Attaching footpath zones to 985,451 rows...
[MEMORY] Before footpath zones: 481.4 MB

Zone assignment batches:   0%|          | 0/10 [00:00<?, ?it/s]
Zone assignment batches:  10%|█         | 1/10 [00:00<00:00,  9.76it/s]
Zone assignment batches:  30%|███       | 3/10 [00:00<00:00, 11.52it/s]
Zone assignment batches:  50%|█████     | 5/10 [00:00<00:00, 11.83it/s]
Zone assignment batches:  70%|███████   | 7/10 [00:00<00:00, 11.43it/s]
Zone assignment batches:  90%|█████████ | 9/10 [00:00<00:00, 11.59it/s]
Zone assignment batches: 100%|██████████| 10/10 [00:00<00:00, 11.63it/s]
[MEMORY] After footpath zones: 598.8 MB
✓ Zones attached! Total rows: 985,451
[footpath zone] Removed 3 objects
[MEMORY] After footpath filter: 520.1 MB

======================================================================
Crosswalk Zone Assignment
======================================================================
Attaching crosswalk zones to 985,028 rows...
[MEMORY] Before crosswalk zones: 520.2 MB

Zone assignment batches:   0%|          | 0/10 [00:00<?, ?it/s]
Zone assignment batches:  20%|██        | 2/10 [00:00<00:00, 12.23it/s]
Zone assignment batches:  40%|████      | 4/10 [00:00<00:00, 12.31it/s]
Zone assignment batches:  60%|██████    | 6/10 [00:00<00:00, 11.52it/s]
Zone assignment batches:  80%|████████  | 8/10 [00:00<00:00, 11.67it/s]
Zone assignment batches: 100%|██████████| 10/10 [00:00<00:00, 12.17it/s]
Zone assignment batches: 100%|██████████| 10/10 [00:00<00:00, 12.02it/s]
/home/kaushik/Kezual/Flow_analytics/filters/preprocessing/zone_assignment.py:83: FutureWarning: The behavior of DataFrame concatenation with empty or all-NA entries is deprecated. In a future version, this will no longer exclude empty or all-NA columns when determining the result dtypes. To retain the old behavior, exclude the relevant entries before the concat operation.
  result = pd.concat(output_chunks, ignore_index=True)
[MEMORY] After crosswalk zones: 574.7 MB
✓ Zones attached! Total rows: 985,028

Vehicles in crosswalk zones: 5,251
Label distribution in crosswalk zones:
label
4    3494
1    1260
6     170
3     146
7      71
8      54
2      29
5      27
Name: count, dtype: int64

[crosswalk] Removed 0 parallel vehicles
[crosswalk] Final vehicles in zones: 5,251

Label distribution after parallel filter:
label
4    3494
1    1260
6     170
3     146
7      71
8      54
2      29
5      27
Name: count, dtype: int64
[MEMORY] After crosswalk zone filtering: 529.8 MB

======================================================================
Static Object Removal
======================================================================
[static filter] Found 4 static objects
[static filter] Removed 4 static objects
  Before: 338 IDs (5,251 rows)
  After: 334 IDs (4,759 rows)
[DF MEMORY] After static filter: 0.3 MB (4,759 rows)
Final objects for pair generation: 4,759

======================================================================
CROSSWALK PAIR GENERATION
======================================================================

Generating pairs from 4,759 crosswalk vehicles...
[MEMORY] Before pair generation: 530.0 MB
  Filtered vehicles: 4,699
  Generating pairs (max_distance=8.0m)...
  Processing 4,325 timestamps (batch_size=5,000)

  Pair generation:   0%|          | 0/1 [00:00<?, ?it/s]
  Pair generation: 100%|██████████| 1/1 [00:00<00:00, 323.46it/s]
  Applying overlap filter (buffer=0.5m)...
  ✓ Generated 107 nearby pairs (after overlap filter)
  ✓ Added zone information (zone1/zone2 columns)
  ✓ Generated 107 nearby pairs

Applying MDRAC filters with ped-vehicle label sets...
  Label sets: Pedestrians [1] × Vehicles [4,6,7,8,3,2]
  Skipping same-lane filter (pedestrians cross between lanes)
  Label filter ([1] × [4, 6, 7, 8, 3, 2]): 21 pairs
 Approaching pairs: 16
  Skipped same-lane filter (crosswalk/crossing zone)
  Speed diff > 0.5: 7
  Final MDRAC pairs: 6
  ✓ After MDRAC filters: 6 pairs

======================================================================
PEDESTRIAN-VEHICLE CONFLICT DETECTION
======================================================================
Using crosswalk-specific detection parameters (reduced avg_window)
Input pairs: 6
  [M-DRAC] Applied zone overrides for 'crosswalks': {'avg_window': 0.2, 'min_avg_frames': 1}
  Skipped label filter (skip_label_filter=True): 6 pairs
 Approaching pairs: 6
  Skipped same-lane filter (crosswalk/crossing zone)
  Speed diff > 0.5: 6
  Final MDRAC pairs: 6

======================================================================
Crosswalk Ped-Vehicle Conflicts: 0
======================================================================

⚠️  No conflicts detected above threshold.
✓ Saved 0 conflicts to /home/kaushik/Kezual/Flow_analytics/results/mdrac/brussels/crosswalks/2025-06-07/mdrac_2025-06-07.csv

✓ Saved to /home/kaushik/Kezual/Flow_analytics/results/mdrac/brussels/crosswalks/2025-06-07/mdrac_2025-06-07.csv

======================================================================
CROSSWALK ANALYSIS COMPLETE
======================================================================
Total Conflicts: 0
======================================================================
$ /home/kaushik/miniconda3/envs/flow_env/bin/python /home/kaushik/Kezual/Flow_analytics/regions/brussels/crosswalk_main.py --start-date 2025-06-07 --end-date 2025-06-07 --data-dir /home/kaushik/Kezual/Flow_analytics/data --output-dir /home/kaushik/Kezual/Flow_analytics/results/mdrac --max-hours 1

