[SSM] Numba enabled with 15 threads
======================================================================
BRUSSELS CROSSWALK PEDESTRIAN-VEHICLE DETECTION
======================================================================
Date: 2025-06-01 00 to 2025-06-01
Data: /home/kaushik/Kezual/Flow_analytics/data
Output: /home/kaushik/Kezual/Flow_analytics/results/mdrac
Smoke mode: max_hours=24
Vehicle labels: [1, 2, 3, 4, 6, 7, 8]
======================================================================

Loading data...
[MEMORY] Before loading: 168.0 MB
Loading data: 100%|██████████| 24/24 [00:03<00:00,  6.81it/s]
[DF MEMORY] Loaded data: 2426.5 MB (38,550,628 rows)
Loaded 38,550,628 records

======================================================================
Lifetime Filtering
======================================================================
[lifespan filter] Removed 3,492 short-lived IDs
  Before: 56,425 IDs (38,550,628 rows)
  After: 52,933 IDs (38,438,321 rows)
[DF MEMORY] After lifetime filter: 2712.7 MB (38,438,321 rows)

======================================================================
Footpath Zone Filtering
======================================================================
Attaching footpath zones to 38,438,321 rows...
[MEMORY] Before footpath zones: 4325.4 MB
Zone assignment batches: 100%|██████████| 385/385 [00:34<00:00, 11.07it/s]
[MEMORY] After footpath zones: 7524.2 MB
✓ Zones attached! Total rows: 38,438,321
[footpath zone] Removed 570 objects
[MEMORY] After footpath filter: 6559.0 MB

======================================================================
Crosswalk Zone Assignment
======================================================================
Attaching crosswalk zones to 38,172,428 rows...
[MEMORY] Before crosswalk zones: 6559.0 MB
Zone assignment batches: 100%|██████████| 382/382 [00:32<00:00, 11.60it/s]
[MEMORY] After crosswalk zones: 7435.9 MB
✓ Zones attached! Total rows: 38,172,428

Vehicles in crosswalk zones: 792,176
Label distribution in crosswalk zones:
label
1    452609
4    288735
6     18183
2     13915
3      7716
8      5591
5      2999
7      2428
Name: count, dtype: int64

[crosswalk] Removed 4 parallel vehicles
[crosswalk] Final vehicles in zones: 792,077

Label distribution after parallel filter:
label
1    452609
4    288636
6     18183
2     13915
3      7716
8      5591
5      2999
7      2428
Name: count, dtype: int64
[MEMORY] After crosswalk zone filtering: 4819.4 MB

======================================================================
Static Object Removal
======================================================================
[static filter] Found 162 static objects
[static filter] Removed 162 static objects
  Before: 28,632 IDs (792,077 rows)
  After: 28,470 IDs (746,649 rows)
[DF MEMORY] After static filter: 96.1 MB (746,649 rows)
Final objects for pair generation: 746,649

======================================================================
CROSSWALK PAIR GENERATION
======================================================================

Generating pairs from 746,649 crosswalk vehicles...
[MEMORY] Before pair generation: 4822.7 MB
  Filtered vehicles: 660,888
  Generating pairs (max_distance=8.0m)...
  Processing 365,523 timestamps (batch_size=5,000)
  Pair generation: 100%|██████████| 74/74 [00:00<00:00, 86.41it/s]
  Applying overlap filter (buffer=0.5m)...
  ✓ Generated 191,431 nearby pairs (after overlap filter)
  ✓ Added zone information (zone1/zone2 columns)
  ✓ Generated 191,431 nearby pairs

Applying MDRAC filters with ped-vehicle label sets...
  Label sets: Pedestrians [1] × Vehicles [4,6,7,8,3,2]
  Skipping same-lane filter (pedestrians cross between lanes)
  Label filter ([1] × [4, 6, 7, 8, 3, 2]): 11,468 pairs
 Approaching pairs: 4,927
  Skipped same-lane filter (crosswalk/crossing zone)
  Speed diff > 0.5: 2,666
  Final MDRAC pairs: 538
  ✓ After MDRAC filters: 538 pairs

======================================================================
PEDESTRIAN-VEHICLE CONFLICT DETECTION
======================================================================
Using crosswalk-specific detection parameters (reduced avg_window)
Input pairs: 538
  [M-DRAC] Applied zone overrides for 'crosswalks': {'avg_window': 0.2, 'min_avg_frames': 1}
  Skipped label filter (skip_label_filter=True): 538 pairs
 Approaching pairs: 538
  Zone filter (same lane): 527 pairs (filtered 11 different-lane)
  Lateral filter (<= 1.8m): 90 pairs (filtered 437 not aligned)
  ✓ Total filtered: 448 pairs | Remaining: 90 pairs
  Speed diff > 0.5: 90
  Final MDRAC pairs: 90

======================================================================
Crosswalk Ped-Vehicle Conflicts: 7
======================================================================
✓ Saved 7 conflicts to /home/kaushik/Kezual/Flow_analytics/results/mdrac/brussels/crosswalks/2025-06-01/mdrac_2025-06-01.csv

✓ Saved to /home/kaushik/Kezual/Flow_analytics/results/mdrac/brussels/crosswalks/2025-06-01/mdrac_2025-06-01.csv

======================================================================
CROSSWALK ANALYSIS COMPLETE
======================================================================
Total Conflicts: 7
======================================================================
$ /home/kaushik/miniconda3/envs/flow_env/bin/python /home/kaushik/Kezual/Flow_analytics/regions/brussels/crosswalk_main.py --start-date 2025-06-01 --start-time 00 --end-date 2025-06-01 --data-dir /home/kaushik/Kezual/Flow_analytics/data --output-dir /home/kaushik/Kezual/Flow_analytics/results/mdrac --max-hours 24

