[SSM] Numba enabled with 15 threads
======================================================================
BRUSSELS CROSSWALK PEDESTRIAN-VEHICLE DETECTION
======================================================================
Date: 2025-06-02 00 to 2025-06-02
Data: /home/kaushik/Kezual/Flow_analytics/data
Output: /home/kaushik/Kezual/Flow_analytics/results/mdrac
Smoke mode: max_hours=1
Vehicle labels: [1, 2, 3, 4, 6, 7, 8]
======================================================================

Loading data...
[MEMORY] Before loading: 170.5 MB

Loading data:   0%|          | 0/1 [00:00<?, ?it/s]
Loading data: 100%|██████████| 1/1 [00:00<00:00,  7.32it/s]
Loading data: 100%|██████████| 1/1 [00:00<00:00,  7.30it/s]
[DF MEMORY] Loaded data: 52.9 MB (909,459 rows)
Loaded 909,459 records

======================================================================
Lifetime Filtering
======================================================================
[lifespan filter] Removed 2 short-lived IDs
  Before: 279 IDs (909,459 rows)
  After: 277 IDs (909,317 rows)
[DF MEMORY] After lifetime filter: 59.8 MB (909,317 rows)

======================================================================
Footpath Zone Filtering
======================================================================
Attaching footpath zones to 909,317 rows...
[MEMORY] Before footpath zones: 444.0 MB

Zone assignment batches:   0%|          | 0/10 [00:00<?, ?it/s]
Zone assignment batches:  10%|█         | 1/10 [00:00<00:01,  8.10it/s]
Zone assignment batches:  20%|██        | 2/10 [00:00<00:00,  8.43it/s]
Zone assignment batches:  30%|███       | 3/10 [00:00<00:00,  8.15it/s]
Zone assignment batches:  40%|████      | 4/10 [00:00<00:00,  7.65it/s]
Zone assignment batches:  50%|█████     | 5/10 [00:00<00:00,  7.68it/s]
Zone assignment batches:  60%|██████    | 6/10 [00:00<00:00,  7.15it/s]
Zone assignment batches:  70%|███████   | 7/10 [00:00<00:00,  7.44it/s]
Zone assignment batches:  80%|████████  | 8/10 [00:01<00:00,  7.65it/s]
Zone assignment batches:  90%|█████████ | 9/10 [00:01<00:00,  7.63it/s]
Zone assignment batches: 100%|██████████| 10/10 [00:01<00:00,  8.40it/s]
[MEMORY] After footpath zones: 534.5 MB
✓ Zones attached! Total rows: 909,317
[footpath zone] Removed 4 objects
[MEMORY] After footpath filter: 493.0 MB

======================================================================
Crosswalk Zone Assignment
======================================================================
Attaching crosswalk zones to 907,075 rows...
[MEMORY] Before crosswalk zones: 493.1 MB

Zone assignment batches:   0%|          | 0/10 [00:00<?, ?it/s]
Zone assignment batches:  10%|█         | 1/10 [00:00<00:01,  7.03it/s]
Zone assignment batches:  20%|██        | 2/10 [00:00<00:01,  7.72it/s]
Zone assignment batches:  30%|███       | 3/10 [00:00<00:00,  8.13it/s]
Zone assignment batches:  40%|████      | 4/10 [00:00<00:00,  8.44it/s]
Zone assignment batches:  50%|█████     | 5/10 [00:00<00:00,  8.72it/s]
Zone assignment batches:  60%|██████    | 6/10 [00:00<00:00,  7.80it/s]
Zone assignment batches:  70%|███████   | 7/10 [00:00<00:00,  5.99it/s]
Zone assignment batches:  80%|████████  | 8/10 [00:01<00:00,  5.57it/s]
Zone assignment batches:  90%|█████████ | 9/10 [00:01<00:00,  4.38it/s]
Zone assignment batches: 100%|██████████| 10/10 [00:01<00:00,  6.38it/s]
[MEMORY] After crosswalk zones: 541.6 MB
✓ Zones attached! Total rows: 907,075

Vehicles in crosswalk zones: 2,567
Label distribution in crosswalk zones:
label
4    1798
1     591
6      83
7      44
2      29
5      15
3       7
Name: count, dtype: int64

[crosswalk] Removed 0 parallel vehicles
[crosswalk] Final vehicles in zones: 2,567

Label distribution after parallel filter:
label
4    1798
1     591
6      83
7      44
2      29
5      15
3       7
Name: count, dtype: int64
[MEMORY] After crosswalk zone filtering: 500.3 MB

======================================================================
Static Object Removal
======================================================================
[static filter] Found 1 static objects
[static filter] Removed 1 static objects
  Before: 151 IDs (2,567 rows)
  After: 150 IDs (2,140 rows)
[DF MEMORY] After static filter: 0.3 MB (2,140 rows)
Final objects for pair generation: 2,140

======================================================================
CROSSWALK PAIR GENERATION
======================================================================

Generating pairs from 2,140 crosswalk vehicles...
[MEMORY] Before pair generation: 500.4 MB
  Filtered vehicles: 2,123
  Generating pairs (max_distance=8.0m)...
  Processing 2,031 timestamps (batch_size=5,000)

  Pair generation:   0%|          | 0/1 [00:00<?, ?it/s]
  Pair generation: 100%|██████████| 1/1 [00:00<00:00, 116.06it/s]
  Applying overlap filter (buffer=0.5m)...
  ✓ Generated 54 nearby pairs (after overlap filter)
  ✓ Added zone information (zone1/zone2 columns)
  ✓ Generated 54 nearby pairs

Applying MDRAC filters with ped-vehicle label sets...
  Label sets: Pedestrians [1] × Vehicles [4,6,7,8,3,2]
  Skipping same-lane filter (pedestrians cross between lanes)
  Label filter ([1] × [4, 6, 7, 8, 3, 2]): 4 pairs
 Approaching pairs: 2
  Skipped same-lane filter (crosswalk/crossing zone)
  Speed diff > 0.5: 2
  Final MDRAC pairs: 1
  ✓ After MDRAC filters: 1 pairs

======================================================================
PEDESTRIAN-VEHICLE CONFLICT DETECTION
======================================================================
Using crosswalk-specific detection parameters (reduced avg_window)
Input pairs: 1
  [M-DRAC] Applied zone overrides for 'crosswalks': {'avg_window': 0.2, 'min_avg_frames': 1}
  Skipped label filter (skip_label_filter=True): 1 pairs
 Approaching pairs: 1
  Skipped same-lane filter (crosswalk/crossing zone)
  Speed diff > 0.5: 1
  Final MDRAC pairs: 1

======================================================================
Crosswalk Ped-Vehicle Conflicts: 0
======================================================================

!  No conflicts detected above threshold.
✓ Saved 0 conflicts to /home/kaushik/Kezual/Flow_analytics/results/mdrac/brussels/crosswalks/2025-06-02/mdrac_2025-06-02.csv

✓ Saved to /home/kaushik/Kezual/Flow_analytics/results/mdrac/brussels/crosswalks/2025-06-02/mdrac_2025-06-02.csv

======================================================================
CROSSWALK ANALYSIS COMPLETE
======================================================================
Total Conflicts: 0
======================================================================
$ /home/kaushik/miniconda3/envs/flow_env/bin/python /home/kaushik/Kezual/Flow_analytics/regions/brussels/crosswalk_main.py --start-date 2025-06-02 --start-time 00 --end-date 2025-06-02 --data-dir /home/kaushik/Kezual/Flow_analytics/data --output-dir /home/kaushik/Kezual/Flow_analytics/results/mdrac --max-hours 1

