[SSM] Numba enabled with 15 threads
======================================================================
BRUSSELS CROSSWALK PEDESTRIAN-VEHICLE DETECTION
======================================================================
Date: 2025-06-02 00 to 2025-06-02
Data: /home/kaushik/Kezual/Flow_analytics/data
Output: /home/kaushik/Kezual/Flow_analytics/results/mdrac
Smoke mode: max_hours=24
Vehicle labels: [1, 2, 3, 4, 6, 7, 8]
======================================================================

Loading data...
[MEMORY] Before loading: 168.5 MB
Zone assignment batches: 100%|██████████| 481/481 [00:42<00:00, 11.34it/s]
[MEMORY] After footpath zones: 8010.4 MB
✓ Zones attached! Total rows: 48,012,146
[footpath zone] Removed 1170 objects
[MEMORY] After footpath filter: 7196.8 MB

======================================================================
Crosswalk Zone Assignment
======================================================================
Attaching crosswalk zones to 47,191,966 rows...
[MEMORY] Before crosswalk zones: 7198.8 MB
Zone assignment batches: 100%|██████████| 472/472 [00:44<00:00, 10.71it/s]
[MEMORY] After crosswalk zones: 7784.5 MB
✓ Zones attached! Total rows: 47,191,966

Vehicles in crosswalk zones: 1,497,942
Label distribution in crosswalk zones:
label
1    1093956
4     294490
2      39133
6      33528
7      11803
8      10686
3       9980
5       4366
Name: count, dtype: int64

[crosswalk] Removed 15 parallel vehicles
[crosswalk] Final vehicles in zones: 1,496,983

Label distribution after parallel filter:
label
1    1093956
4     293728
2      39133
6      33528
7      11803
8      10686
3       9783
5       4366
Name: count, dtype: int64
[MEMORY] After crosswalk zone filtering: 4390.1 MB

======================================================================
Static Object Removal
======================================================================
[static filter] Found 258 static objects
[static filter] Removed 258 static objects
  Before: 36,814 IDs (1,496,983 rows)
  After: 36,556 IDs (1,435,811 rows)
[DF MEMORY] After static filter: 184.9 MB (1,435,811 rows)
Final objects for pair generation: 1,435,811

======================================================================
CROSSWALK PAIR GENERATION
======================================================================

Generating pairs from 1,435,811 crosswalk vehicles...
[MEMORY] Before pair generation: 4394.6 MB
  Filtered vehicles: 1,260,211
  Generating pairs (max_distance=8.0m)...
  Processing 473,339 timestamps (batch_size=5,000)
  Pair generation: 100%|██████████| 95/95 [00:01<00:00, 49.10it/s]
  Applying overlap filter (buffer=0.5m)...
  ✓ Generated 917,947 nearby pairs (after overlap filter)
  ✓ Added zone information (zone1/zone2 columns)
  ✓ Generated 917,947 nearby pairs

Applying MDRAC filters with ped-vehicle label sets...
  Label sets: Pedestrians [1] × Vehicles [4,6,7,8,3,2]
  Skipping same-lane filter (pedestrians cross between lanes)
  Label filter ([1] × [4, 6, 7, 8, 3, 2]): 43,141 pairs
 Approaching pairs: 18,728
  Skipped same-lane filter (crosswalk/crossing zone)
  Speed diff > 0.5: 7,614
  Final MDRAC pairs: 1,652
  ✓ After MDRAC filters: 1,652 pairs

======================================================================
PEDESTRIAN-VEHICLE CONFLICT DETECTION
======================================================================
Using crosswalk-specific detection parameters (reduced avg_window)
Input pairs: 1,652
  [M-DRAC] Applied zone overrides for 'crosswalks': {'avg_window': 0.2, 'min_avg_frames': 1}
  Skipped label filter (skip_label_filter=True): 1,652 pairs
 Approaching pairs: 1,652
  Zone filter (same lane): 1,607 pairs (filtered 45 different-lane)
  Lateral filter (<= 1.8m): 391 pairs (filtered 1,216 not aligned)
  ✓ Total filtered: 1,261 pairs | Remaining: 391 pairs
  Speed diff > 0.5: 391
  Final MDRAC pairs: 391

======================================================================
Crosswalk Ped-Vehicle Conflicts: 39
======================================================================
✓ Saved 39 conflicts to /home/kaushik/Kezual/Flow_analytics/results/mdrac/brussels/crosswalks/2025-06-02/mdrac_2025-06-02.csv

✓ Saved to /home/kaushik/Kezual/Flow_analytics/results/mdrac/brussels/crosswalks/2025-06-02/mdrac_2025-06-02.csv

======================================================================
CROSSWALK ANALYSIS COMPLETE
======================================================================
Total Conflicts: 39
======================================================================
$ /home/kaushik/miniconda3/envs/flow_env/bin/python /home/kaushik/Kezual/Flow_analytics/regions/brussels/crosswalk_main.py --start-date 2025-06-02 --start-time 00 --end-date 2025-06-02 --data-dir /home/kaushik/Kezual/Flow_analytics/data --output-dir /home/kaushik/Kezual/Flow_analytics/results/mdrac --max-hours 24

