[SSM] Numba enabled with 15 threads
======================================================================
BRUSSELS CROSSWALK PEDESTRIAN-VEHICLE DETECTION
======================================================================
Date: 2025-06-01 00 to 2025-06-01
Data: /home/kaushik/Kezual/Flow_analytics/data
Output: /home/kaushik/Kezual/Flow_analytics/results/mdrac
Smoke mode: max_hours=1
Vehicle labels: [1, 2, 3, 4, 6, 7, 8]
======================================================================

Loading data...
[MEMORY] Before loading: 170.3 MB

Loading data:   0%|          | 0/1 [00:00<?, ?it/s]
Loading data: 100%|██████████| 1/1 [00:00<00:00,  6.23it/s]
Loading data: 100%|██████████| 1/1 [00:00<00:00,  6.22it/s]
[DF MEMORY] Loaded data: 59.8 MB (950,575 rows)
Loaded 950,575 records

======================================================================
Lifetime Filtering
======================================================================
[lifespan filter] Removed 23 short-lived IDs
  Before: 686 IDs (950,575 rows)
  After: 663 IDs (949,669 rows)
[DF MEMORY] After lifetime filter: 67.0 MB (949,669 rows)

======================================================================
Footpath Zone Filtering
======================================================================
Attaching footpath zones to 949,669 rows...
[MEMORY] Before footpath zones: 501.7 MB

Zone assignment batches:   0%|          | 0/10 [00:00<?, ?it/s]
Zone assignment batches:  10%|█         | 1/10 [00:00<00:01,  7.09it/s]
Zone assignment batches:  20%|██        | 2/10 [00:00<00:01,  7.94it/s]
Zone assignment batches:  30%|███       | 3/10 [00:00<00:00,  8.14it/s]
Zone assignment batches:  40%|████      | 4/10 [00:00<00:00,  8.37it/s]
Zone assignment batches:  50%|█████     | 5/10 [00:00<00:00,  8.88it/s]
Zone assignment batches:  60%|██████    | 6/10 [00:00<00:00,  8.60it/s]
Zone assignment batches:  70%|███████   | 7/10 [00:00<00:00,  8.77it/s]
Zone assignment batches:  80%|████████  | 8/10 [00:00<00:00,  8.95it/s]
Zone assignment batches:  90%|█████████ | 9/10 [00:01<00:00,  8.80it/s]
Zone assignment batches: 100%|██████████| 10/10 [00:01<00:00,  9.11it/s]
[MEMORY] After footpath zones: 601.5 MB
✓ Zones attached! Total rows: 949,669
[footpath zone] Removed 4 objects
[MEMORY] After footpath filter: 558.1 MB

======================================================================
Crosswalk Zone Assignment
======================================================================
Attaching crosswalk zones to 948,208 rows...
[MEMORY] Before crosswalk zones: 558.2 MB

Zone assignment batches:   0%|          | 0/10 [00:00<?, ?it/s]
Zone assignment batches:  10%|█         | 1/10 [00:00<00:01,  6.57it/s]
Zone assignment batches:  20%|██        | 2/10 [00:00<00:01,  7.41it/s]
Zone assignment batches:  30%|███       | 3/10 [00:00<00:00,  7.74it/s]
Zone assignment batches:  40%|████      | 4/10 [00:00<00:00,  7.98it/s]
Zone assignment batches:  50%|█████     | 5/10 [00:00<00:00,  8.06it/s]
Zone assignment batches:  60%|██████    | 6/10 [00:00<00:00,  8.10it/s]
Zone assignment batches:  70%|███████   | 7/10 [00:00<00:00,  8.59it/s]
Zone assignment batches:  80%|████████  | 8/10 [00:00<00:00,  8.90it/s]
Zone assignment batches:  90%|█████████ | 9/10 [00:01<00:00,  9.05it/s]
Zone assignment batches: 100%|██████████| 10/10 [00:01<00:00,  8.96it/s]
/home/kaushik/Kezual/Flow_analytics/filters/preprocessing/zone_assignment.py:83: FutureWarning: The behavior of DataFrame concatenation with empty or all-NA entries is deprecated. In a future version, this will no longer exclude empty or all-NA columns when determining the result dtypes. To retain the old behavior, exclude the relevant entries before the concat operation.
  result = pd.concat(output_chunks, ignore_index=True)
[MEMORY] After crosswalk zones: 597.7 MB
✓ Zones attached! Total rows: 948,208

Vehicles in crosswalk zones: 6,243
Label distribution in crosswalk zones:
label
4    4826
1     949
6     180
3     179
8      45
5      34
2      30
Name: count, dtype: int64

[crosswalk] Removed 0 parallel vehicles
[crosswalk] Final vehicles in zones: 6,243

Label distribution after parallel filter:
label
4    4826
1     949
6     180
3     179
8      45
5      34
2      30
Name: count, dtype: int64
[MEMORY] After crosswalk zone filtering: 554.5 MB

======================================================================
Static Object Removal
======================================================================
[static filter] Found 0 static objects
[static filter] Removed 0 static objects
  Before: 488 IDs (6,243 rows)
  After: 488 IDs (6,243 rows)
[DF MEMORY] After static filter: 0.4 MB (6,243 rows)
Final objects for pair generation: 6,243

======================================================================
CROSSWALK PAIR GENERATION
======================================================================

Generating pairs from 6,243 crosswalk vehicles...
[MEMORY] Before pair generation: 554.6 MB
  Filtered vehicles: 6,176
  Generating pairs (max_distance=8.0m)...
  Processing 5,407 timestamps (batch_size=5,000)

  Pair generation:   0%|          | 0/2 [00:00<?, ?it/s]
  Pair generation: 100%|██████████| 2/2 [00:00<00:00, 339.84it/s]
  Applying overlap filter (buffer=0.5m)...
  ✓ Generated 169 nearby pairs (after overlap filter)
  ✓ Added zone information (zone1/zone2 columns)
  ✓ Generated 169 nearby pairs

Applying MDRAC filters with ped-vehicle label sets...
  Label sets: Pedestrians [1] × Vehicles [4,6,7,8,3,2]
  Skipping same-lane filter (pedestrians cross between lanes)
  Label filter ([1] × [4, 6, 7, 8, 3, 2]): 35 pairs
 Approaching pairs: 26
  Skipped same-lane filter (crosswalk/crossing zone)
  Speed diff > 0.5: 17
  Final MDRAC pairs: 3
  ✓ After MDRAC filters: 3 pairs

======================================================================
PEDESTRIAN-VEHICLE CONFLICT DETECTION
======================================================================
Using crosswalk-specific detection parameters (reduced avg_window)
Input pairs: 3
  [M-DRAC] Applied zone overrides for 'crosswalks': {'avg_window': 0.2, 'min_avg_frames': 1}
  Skipped label filter (skip_label_filter=True): 3 pairs
 Approaching pairs: 3
  Skipped same-lane filter (crosswalk/crossing zone)
  Speed diff > 0.5: 3
  Final MDRAC pairs: 3

======================================================================
Crosswalk Ped-Vehicle Conflicts: 0
======================================================================

!  No conflicts detected above threshold.
✓ Saved 0 conflicts to /home/kaushik/Kezual/Flow_analytics/results/mdrac/brussels/crosswalks/2025-06-01/mdrac_2025-06-01.csv

✓ Saved to /home/kaushik/Kezual/Flow_analytics/results/mdrac/brussels/crosswalks/2025-06-01/mdrac_2025-06-01.csv

======================================================================
CROSSWALK ANALYSIS COMPLETE
======================================================================
Total Conflicts: 0
======================================================================
$ /home/kaushik/miniconda3/envs/flow_env/bin/python /home/kaushik/Kezual/Flow_analytics/regions/brussels/crosswalk_main.py --start-date 2025-06-01 --start-time 00 --end-date 2025-06-01 --data-dir /home/kaushik/Kezual/Flow_analytics/data --output-dir /home/kaushik/Kezual/Flow_analytics/results/mdrac --max-hours 1

