[SSM] Numba enabled with 15 threads
======================================================================
BRUSSELS CROSSWALK PEDESTRIAN-VEHICLE DETECTION
======================================================================
Date: 2025-06-03 00 to 2025-06-03
Data: data
Output: results/mdrac
Smoke mode: max_hours=24
Vehicle labels: [1, 2, 3, 4, 6, 7, 8]
======================================================================

Loading data...
[MEMORY] Before loading: 169.2 MB
Loading data: 100%|██████████| 24/24 [00:04<00:00,  4.90it/s]
[DF MEMORY] Loaded data: 3026.9 MB (52,032,519 rows)
Loaded 52,032,519 records

======================================================================
Lifetime Filtering
======================================================================
[lifespan filter] Removed 2,702 short-lived IDs
  Before: 90,578 IDs (52,032,519 rows)
  After: 87,876 IDs (51,886,417 rows)
[DF MEMORY] After lifetime filter: 3414.3 MB (51,886,417 rows)

======================================================================
Footpath Zone Filtering
======================================================================
Attaching footpath zones to 51,886,417 rows...
[MEMORY] Before footpath zones: 4662.0 MB
Zone assignment batches: 100%|██████████| 519/519 [00:49<00:00, 10.41it/s]
[MEMORY] After footpath zones: 7993.9 MB
✓ Zones attached! Total rows: 51,886,417
[footpath zone] Removed 1386 objects
[MEMORY] After footpath filter: 7306.8 MB

======================================================================
Crosswalk Zone Assignment
======================================================================
Attaching crosswalk zones to 50,684,231 rows...
[MEMORY] Before crosswalk zones: 7309.5 MB
Zone assignment batches: 100%|██████████| 507/507 [00:52<00:00,  9.74it/s]
[MEMORY] After crosswalk zones: 7575.8 MB
✓ Zones attached! Total rows: 50,684,231

Vehicles in crosswalk zones: 1,565,287
Label distribution in crosswalk zones:
label
1    1151563
4     300128
2      40076
6      34996
3      12659
7      11405
8       9818
5       4642
Name: count, dtype: int64

[crosswalk] Removed 7 parallel vehicles
[crosswalk] Final vehicles in zones: 1,564,264

Label distribution after parallel filter:
label
1    1151563
4     300093
2      40076
6      34693
3      11974
7      11405
8       9818
5       4642
Name: count, dtype: int64
[MEMORY] After crosswalk zone filtering: 4245.4 MB

======================================================================
Static Object Removal
======================================================================
[static filter] Found 264 static objects
[static filter] Removed 264 static objects
  Before: 38,454 IDs (1,564,264 rows)
  After: 38,190 IDs (1,508,232 rows)
[DF MEMORY] After static filter: 187.0 MB (1,508,232 rows)
Final objects for pair generation: 1,508,232

======================================================================
CROSSWALK PAIR GENERATION
======================================================================

Generating pairs from 1,508,232 crosswalk vehicles...
[MEMORY] Before pair generation: 4250.9 MB
  Filtered vehicles: 1,329,496
  Generating pairs (max_distance=8.0m)...
  Processing 481,032 timestamps (batch_size=5,000)
  Pair generation: 100%|██████████████████████████████████████████████████████████████████████████████████████████| 97/97 [00:02<00:00, 47.39it/s]
  Applying overlap filter (buffer=0.5m)...
  ✓ Generated 1,086,391 nearby pairs (after overlap filter)
  ✓ Added zone information (zone1/zone2 columns)
  ✓ Generated 1,086,391 nearby pairs

Applying MDRAC filters with ped-vehicle label sets...
  Label sets: Pedestrians [1] × Vehicles [4,6,7,8,3,2]
  Skipping same-lane filter (pedestrians cross between lanes)
  Label filter ([1] × [4, 6, 7, 8, 3, 2]): 46,168 pairs
 Approaching pairs: 19,443
  Skipped same-lane filter (crosswalk/crossing zone)
  Speed diff > 0.5: 7,862
  Final MDRAC pairs: 1,762
  ✓ After MDRAC filters: 1,762 pairs

======================================================================
PEDESTRIAN-VEHICLE CONFLICT DETECTION
======================================================================
Using crosswalk-specific detection parameters (reduced avg_window)
Input pairs: 1,762
  [M-DRAC] Applied zone overrides for 'crosswalks': {'avg_window': 0.2, 'min_avg_frames': 1}
  Skipped label filter (skip_label_filter=True): 1,762 pairs
 Approaching pairs: 1,762
  Zone filter (same lane): 1,739 pairs (filtered 23 different-lane)
  Lateral filter (<= 1.8m): 402 pairs (filtered 1,337 not aligned)
  ✓ Total filtered: 1,360 pairs | Remaining: 402 pairs
  Speed diff > 0.5: 402
  Final MDRAC pairs: 402

======================================================================
Crosswalk Ped-Vehicle Conflicts: 33
======================================================================
✓ Saved 33 conflicts to results/mdrac/brussels/crosswalks/2025-06-03/mdrac_2025-06-03.csv

✓ Saved to results/mdrac/brussels/crosswalks/2025-06-03/mdrac_2025-06-03.csv

======================================================================
CROSSWALK ANALYSIS COMPLETE
======================================================================
Total Conflicts: 33
======================================================================
$ /home/kaushik/miniconda3/envs/flow_env/bin/python /home/kaushik/Kezual/Flow_analytics/regions/brussels/crosswalk_main.py --start-date 2025-06-03 --start-time 00 --end-date 2025-06-03 --data-dir /home/kaushik/Kezual/Flow_analytics/data --output-dir /home/kaushik/Kezual/Flow_analytics/results/mdrac --max-hours 24

