[SSM] Numba enabled with 15 threads
======================================================================
BRUSSELS TRAFFIC ANALYSIS
======================================================================
Date: 2025-06-04 00 to 2025-06-04
Data: /home/kaushik/Kezual/Flow_analytics/data
Output: /home/kaushik/Kezual/Flow_analytics/results/mdrac
Smoke mode: max_hours=24
======================================================================

Loading data...
[MEMORY] Before loading: 168.8 MB

Loading data: 100%|██████████| 24/24 [00:03<00:00,  6.84it/s]
[DF MEMORY] Loaded data: 2913.6 MB (50,084,331 rows)
Loaded 50,084,331 records

======================================================================
Lifetime Filtering
======================================================================
[lifespan filter] Removed 1,880 short-lived IDs
  Before: 88,595 IDs (50,084,331 rows)
  After: 86,715 IDs (49,979,510 rows)
[DF MEMORY] After lifetime filter: 3288.8 MB (49,979,510 rows)

======================================================================
Footpath Zone Filtering
======================================================================
Attaching footpath zones to 49,979,510 rows...
[MEMORY] Before footpath zones: 4690.4 MB

Zone assignment batches: 100%|██████████| 500/500 [00:45<00:00, 10.97it/s]
[MEMORY] After footpath zones: 7515.6 MB
✓ Zones attached! Total rows: 49,979,510
[footpath zone] Removed 1305 objects
[MEMORY] After footpath filter: 7179.6 MB

======================================================================
Crosswalk Zone Filtering
======================================================================
Attaching crosswalk zones to 49,000,115 rows...
[MEMORY] Before crosswalk zones: 7179.8 MB

Zone assignment batches: 100%|██████████| 491/491 [00:42<00:00, 11.61it/s]
[MEMORY] After crosswalk zones: 7577.9 MB
✓ Zones attached! Total rows: 49,000,115
[crosswalk] Removed 5 parallel vehicles
[MEMORY] After crosswalk filter: 7536.1 MB

======================================================================
Static Object Removal
======================================================================
[static filter] Found 8,707 static objects
[static filter] Removed 8,707 static objects
  Before: 85,405 IDs (48,994,644 rows)
  After: 76,698 IDs (24,315,568 rows)
[DF MEMORY] After static filter: 1600.1 MB (24,315,568 rows)

======================================================================
Lane Zone Assignment
======================================================================

Assigning zones to 24,315,568 vehicles using spatial join...
Processing in batches of 100,000 rows

Zone assignment: 100%|██████████| 244/244 [00:27<00:00,  9.03it/s]

✓ Zone assignment complete!
  Vehicles in zones: 6,971,347
  Vehicles outside zones: 17,950,546
zone
unknown    17950546
E-L1        2110505
B-L2        1701268
E-L2         864855
C-L1         777498
B-L1         606325
C-L2         408898
D-L1         394282
D-L2          56685
A-L1          51031
Name: count, dtype: int64

Vehicles in lanes: 6,971,347
[DF MEMORY] Lane vehicles: 864.3 MB (6,971,347 rows)

======================================================================
M-DRAC Detection
======================================================================

Generating nearby pairs...
[MEMORY] Before pair generation: 7099.4 MB
  Filtered vehicles: 2,702,867
  Generating pairs (max_distance=8.0m)...
  Processing 669,031 timestamps (batch_size=5,000)

  Pair generation: 100%|██████████| 134/134 [00:04<00:00, 27.98it/s]
  Applying overlap filter (buffer=0.5m)...
  ✓ Generated 269,948 nearby pairs (after overlap filter)
  ✓ Added zone information (zone1/zone2 columns)
✓ Generated 269,948 base pairs
[MEMORY] After pair generation: 7135.7 MB

Filtering pairs for M-DRAC...
  Label filter ([4, 6, 7, 8] × [4, 6, 7, 8]): 269,948 pairs
 Approaching pairs: 133,425
  Zone filter (same lane): 119,078 pairs (filtered 14,347 different-lane)
  Lateral filter (<= 1.8m): 40,824 pairs (filtered 78,254 not aligned)
  ✓ Total filtered: 92,601 pairs | Remaining: 40,824 pairs
  Speed diff > 0.5: 21,649
  Final MDRAC pairs: 220
✓ M-DRAC pairs after filtering: 220

Detecting M-DRAC conflicts...
  Label filter ([4, 6, 7, 8] × [4, 6, 7, 8]): 220 pairs
 Approaching pairs: 220
  Zone filter (same lane): 220 pairs (filtered 0 different-lane)
  Lateral filter (<= 1.8m): 220 pairs (filtered 0 not aligned)
  ✓ Total filtered: 0 pairs | Remaining: 220 pairs
  Speed diff > 0.5: 220
  Final MDRAC pairs: 220

======================================================================
M-DRAC Conflicts: 8
======================================================================
✓ Saved 8 conflicts to /home/kaushik/Kezual/Flow_analytics/results/mdrac/brussels/lanes/2025-06-04/mdrac_2025-06-04.csv
Saved to /home/kaushik/Kezual/Flow_analytics/results/mdrac/brussels/lanes/2025-06-04/mdrac_2025-06-04.csv

======================================================================
BRUSSELS LANE ANALYSIS COMPLETE
======================================================================
M-DRAC (Lanes): 8
======================================================================

Note: For crosswalk pedestrian-vehicle detection, run: python regions/brussels/crosswalk_main.py
$ /home/kaushik/miniconda3/envs/flow_env/bin/python /home/kaushik/Kezual/Flow_analytics/regions/brussels/lane_main.py --start-date 2025-06-04 --start-time 00 --end-date 2025-06-04 --data-dir /home/kaushik/Kezual/Flow_analytics/data --output-dir /home/kaushik/Kezual/Flow_analytics/results/mdrac --max-hours 24

