[SSM] Numba enabled with 15 threads
======================================================================
BRUSSELS TRAFFIC ANALYSIS
======================================================================
Date: 2025-06-01 to 2025-06-01
Data: /home/kaushik/Kezual/Flow_analytics/data
Output: /home/kaushik/Kezual/Flow_analytics/results/mdrac
Smoke mode: max_hours=1
======================================================================

Loading data...
[MEMORY] Before loading: 168.0 MB

Loading data:   0%|          | 0/1 [00:00<?, ?it/s]
Loading data: 100%|██████████| 1/1 [00:00<00:00,  6.27it/s]
Loading data: 100%|██████████| 1/1 [00:00<00:00,  6.25it/s]
[DF MEMORY] Loaded data: 59.8 MB (950,575 rows)
Loaded 950,575 records

======================================================================
Lifetime Filtering
======================================================================
[lifespan filter] Removed 23 short-lived IDs
  Before: 686 IDs (950,575 rows)
  After: 663 IDs (949,669 rows)
[DF MEMORY] After lifetime filter: 67.0 MB (949,669 rows)

======================================================================
Footpath Zone Filtering
======================================================================
Attaching footpath zones to 949,669 rows...
[MEMORY] Before footpath zones: 485.5 MB

Zone assignment batches:   0%|          | 0/10 [00:00<?, ?it/s]
Zone assignment batches:  10%|█         | 1/10 [00:00<00:01,  4.61it/s]
Zone assignment batches:  20%|██        | 2/10 [00:00<00:01,  5.48it/s]
Zone assignment batches:  40%|████      | 4/10 [00:00<00:00,  8.18it/s]
Zone assignment batches:  60%|██████    | 6/10 [00:00<00:00,  9.08it/s]
Zone assignment batches:  80%|████████  | 8/10 [00:00<00:00, 10.01it/s]
Zone assignment batches: 100%|██████████| 10/10 [00:01<00:00, 12.09it/s]
Zone assignment batches: 100%|██████████| 10/10 [00:01<00:00,  9.84it/s]
[MEMORY] After footpath zones: 589.3 MB
✓ Zones attached! Total rows: 949,669
[footpath zone] Removed 4 objects
[MEMORY] After footpath filter: 488.9 MB

======================================================================
Crosswalk Zone Filtering
======================================================================
Attaching crosswalk zones to 948,208 rows...
[MEMORY] Before crosswalk zones: 488.9 MB

Zone assignment batches:   0%|          | 0/10 [00:00<?, ?it/s]
Zone assignment batches:  20%|██        | 2/10 [00:00<00:00, 11.41it/s]
Zone assignment batches:  40%|████      | 4/10 [00:00<00:00, 11.63it/s]
Zone assignment batches:  60%|██████    | 6/10 [00:00<00:00, 11.47it/s]
Zone assignment batches:  80%|████████  | 8/10 [00:00<00:00, 11.54it/s]
Zone assignment batches: 100%|██████████| 10/10 [00:00<00:00, 12.99it/s]
Zone assignment batches: 100%|██████████| 10/10 [00:00<00:00, 12.29it/s]
/home/kaushik/Kezual/Flow_analytics/filters/preprocessing/zone_assignment.py:83: FutureWarning: The behavior of DataFrame concatenation with empty or all-NA entries is deprecated. In a future version, this will no longer exclude empty or all-NA columns when determining the result dtypes. To retain the old behavior, exclude the relevant entries before the concat operation.
  result = pd.concat(output_chunks, ignore_index=True)
[MEMORY] After crosswalk zones: 581.9 MB
✓ Zones attached! Total rows: 948,208
[crosswalk] Removed 0 parallel vehicles
[MEMORY] After crosswalk filter: 542.4 MB

======================================================================
Static Object Removal
======================================================================
[static filter] Found 69 static objects
[static filter] Removed 69 static objects
  Before: 659 IDs (948,208 rows)
  After: 590 IDs (210,959 rows)
[DF MEMORY] After static filter: 14.9 MB (210,959 rows)

======================================================================
Lane Zone Assignment
======================================================================

Assigning zones to 210,959 vehicles using spatial join...
Processing in batches of 100,000 rows

Zone assignment:   0%|          | 0/3 [00:00<?, ?it/s]
Zone assignment:  33%|███▎      | 1/3 [00:00<00:00,  9.16it/s]
Zone assignment:  67%|██████▋   | 2/3 [00:00<00:00,  8.98it/s]
Zone assignment: 100%|██████████| 3/3 [00:00<00:00, 11.85it/s]

✓ Zone assignment complete!
  Vehicles in zones: 70,966
  Vehicles outside zones: 143,005
zone
unknown    143005
E-L1        25240
C-L1        16299
B-L2        14417
E-L2         9708
B-L1         3012
D-L1         1379
C-L2          372
D-L2          313
A-L1          226
Name: count, dtype: int64

Vehicles in lanes: 70,966
[DF MEMORY] Lane vehicles: 9.1 MB (70,966 rows)

======================================================================
M-DRAC Detection
======================================================================

Generating nearby pairs...
[MEMORY] Before pair generation: 507.0 MB
  Filtered vehicles: 38,163
  Generating pairs (max_distance=8.0m)...
  Processing 19,859 timestamps (batch_size=5,000)

  Pair generation:   0%|          | 0/4 [00:00<?, ?it/s]
  Pair generation: 100%|██████████| 4/4 [00:00<00:00, 89.64it/s]
  Applying overlap filter (buffer=0.5m)...
  ✓ Generated 1,242 nearby pairs (after overlap filter)
  ✓ Added zone information (zone1/zone2 columns)
✓ Generated 1,242 base pairs
[MEMORY] After pair generation: 545.2 MB

Filtering pairs for M-DRAC...
  Label filter ([4, 6, 7, 8] × [4, 6, 7, 8]): 1,242 pairs
 Approaching pairs: 529
  Zone filter (same lane): 259 pairs (filtered 270 different-lane)
  Lateral filter (<= 1.8m): 55 pairs (filtered 204 not aligned)
  ✓ Total filtered: 474 pairs | Remaining: 55 pairs
  Speed diff > 0.5: 35
  Final MDRAC pairs: 7
✓ M-DRAC pairs after filtering: 7

Detecting M-DRAC conflicts...
  Label filter ([4, 6, 7, 8] × [4, 6, 7, 8]): 7 pairs
 Approaching pairs: 7
  Zone filter (same lane): 7 pairs (filtered 0 different-lane)
  Lateral filter (<= 1.8m): 7 pairs (filtered 0 not aligned)
  ✓ Total filtered: 0 pairs | Remaining: 7 pairs
  Speed diff > 0.5: 7
  Final MDRAC pairs: 7

======================================================================
M-DRAC Conflicts: 0
======================================================================
✓ Saved 0 conflicts to /home/kaushik/Kezual/Flow_analytics/results/mdrac/brussels/lanes/2025-06-01/mdrac_2025-06-01.csv
Saved to /home/kaushik/Kezual/Flow_analytics/results/mdrac/brussels/lanes/2025-06-01/mdrac_2025-06-01.csv

======================================================================
BRUSSELS LANE ANALYSIS COMPLETE
======================================================================
M-DRAC (Lanes): 0
======================================================================

Note: For crosswalk pedestrian-vehicle detection, run: python regions/brussels/crosswalk_main.py
$ /home/kaushik/miniconda3/envs/flow_env/bin/python /home/kaushik/Kezual/Flow_analytics/regions/brussels/lane_main.py --start-date 2025-06-01 --end-date 2025-06-01 --data-dir /home/kaushik/Kezual/Flow_analytics/data --output-dir /home/kaushik/Kezual/Flow_analytics/results/mdrac --max-hours 1

