[SSM] Numba enabled with 15 threads
======================================================================
BRUSSELS TRAFFIC ANALYSIS
======================================================================
Date: 2025-06-02 to 2025-06-02
Data: /home/kaushik/Kezual/Flow_analytics/data
Output: /home/kaushik/Kezual/Flow_analytics/results/mdrac
Smoke mode: max_hours=1
======================================================================

Loading data...
[MEMORY] Before loading: 169.8 MB

Loading data:   0%|          | 0/1 [00:00<?, ?it/s]
Loading data: 100%|██████████| 1/1 [00:00<00:00,  7.89it/s]
Loading data: 100%|██████████| 1/1 [00:00<00:00,  7.87it/s]
[DF MEMORY] Loaded data: 52.9 MB (909,459 rows)
Loaded 909,459 records

======================================================================
Lifetime Filtering
======================================================================
[lifespan filter] Removed 2 short-lived IDs
  Before: 279 IDs (909,459 rows)
  After: 277 IDs (909,317 rows)
[DF MEMORY] After lifetime filter: 59.8 MB (909,317 rows)

======================================================================
Footpath Zone Filtering
======================================================================
Attaching footpath zones to 909,317 rows...
[MEMORY] Before footpath zones: 451.5 MB

Zone assignment batches:   0%|          | 0/10 [00:00<?, ?it/s]
Zone assignment batches:  10%|█         | 1/10 [00:00<00:01,  8.20it/s]
Zone assignment batches:  30%|███       | 3/10 [00:00<00:00, 11.14it/s]
Zone assignment batches:  50%|█████     | 5/10 [00:00<00:00, 11.33it/s]
Zone assignment batches:  70%|███████   | 7/10 [00:00<00:00, 10.76it/s]
Zone assignment batches:  90%|█████████ | 9/10 [00:00<00:00, 11.04it/s]
Zone assignment batches: 100%|██████████| 10/10 [00:00<00:00, 11.98it/s]
[MEMORY] After footpath zones: 544.1 MB
✓ Zones attached! Total rows: 909,317
[footpath zone] Removed 4 objects
[MEMORY] After footpath filter: 467.0 MB

======================================================================
Crosswalk Zone Filtering
======================================================================
Attaching crosswalk zones to 907,075 rows...
[MEMORY] Before crosswalk zones: 467.1 MB

Zone assignment batches:   0%|          | 0/10 [00:00<?, ?it/s]
Zone assignment batches:  20%|██        | 2/10 [00:00<00:00, 12.27it/s]
Zone assignment batches:  40%|████      | 4/10 [00:00<00:00, 13.21it/s]
Zone assignment batches:  60%|██████    | 6/10 [00:00<00:00, 12.02it/s]
Zone assignment batches:  80%|████████  | 8/10 [00:00<00:00, 11.08it/s]
Zone assignment batches: 100%|██████████| 10/10 [00:00<00:00, 13.14it/s]
Zone assignment batches: 100%|██████████| 10/10 [00:00<00:00, 12.58it/s]
[MEMORY] After crosswalk zones: 544.5 MB
✓ Zones attached! Total rows: 907,075
[crosswalk] Removed 0 parallel vehicles
[MEMORY] After crosswalk filter: 508.6 MB

======================================================================
Static Object Removal
======================================================================
[static filter] Found 84 static objects
[static filter] Removed 84 static objects
  Before: 273 IDs (907,075 rows)
  After: 189 IDs (53,152 rows)
[DF MEMORY] After static filter: 3.5 MB (53,152 rows)

======================================================================
Lane Zone Assignment
======================================================================

Assigning zones to 53,152 vehicles using spatial join...
Processing in batches of 100,000 rows

Zone assignment:   0%|          | 0/1 [00:00<?, ?it/s]
Zone assignment: 100%|██████████| 1/1 [00:00<00:00, 16.87it/s]

✓ Zone assignment complete!
  Vehicles in zones: 20,954
  Vehicles outside zones: 33,013
zone
unknown    33013
E-L1        7989
B-L2        3944
E-L2        3594
C-L1        3491
B-L1         815
D-L1         660
C-L2         422
D-L2          39
Name: count, dtype: int64

Vehicles in lanes: 20,954
[DF MEMORY] Lane vehicles: 2.6 MB (20,954 rows)

======================================================================
M-DRAC Detection
======================================================================

Generating nearby pairs...
[MEMORY] Before pair generation: 469.2 MB
  Filtered vehicles: 11,428
  Generating pairs (max_distance=8.0m)...
  Processing 8,817 timestamps (batch_size=5,000)

  Pair generation:   0%|          | 0/2 [00:00<?, ?it/s]
  Pair generation: 100%|██████████| 2/2 [00:00<00:00, 351.19it/s]
  Applying overlap filter (buffer=0.5m)...
  ✓ Generated 221 nearby pairs (after overlap filter)
  ✓ Added zone information (zone1/zone2 columns)
✓ Generated 221 base pairs
[MEMORY] After pair generation: 505.8 MB

Filtering pairs for M-DRAC...
  Label filter ([4, 6, 7, 8] × [4, 6, 7, 8]): 221 pairs
 Approaching pairs: 104
  Zone filter (same lane): 76 pairs (filtered 28 different-lane)
  Lateral filter (<= 1.8m): 66 pairs (filtered 10 not aligned)
  ✓ Total filtered: 38 pairs | Remaining: 66 pairs
  Speed diff > 0.5: 12
  Final MDRAC pairs: 7
✓ M-DRAC pairs after filtering: 7

Detecting M-DRAC conflicts...
  Label filter ([4, 6, 7, 8] × [4, 6, 7, 8]): 7 pairs
 Approaching pairs: 7
  Zone filter (same lane): 7 pairs (filtered 0 different-lane)
  Lateral filter (<= 1.8m): 7 pairs (filtered 0 not aligned)
  ✓ Total filtered: 0 pairs | Remaining: 7 pairs
  Speed diff > 0.5: 7
  Final MDRAC pairs: 7

======================================================================
M-DRAC Conflicts: 1
======================================================================
✓ Saved 1 conflicts to /home/kaushik/Kezual/Flow_analytics/results/mdrac/brussels/lanes/2025-06-02/mdrac_2025-06-02.csv
Saved to /home/kaushik/Kezual/Flow_analytics/results/mdrac/brussels/lanes/2025-06-02/mdrac_2025-06-02.csv

======================================================================
BRUSSELS LANE ANALYSIS COMPLETE
======================================================================
M-DRAC (Lanes): 1
======================================================================

Note: For crosswalk pedestrian-vehicle detection, run: python regions/brussels/crosswalk_main.py
$ /home/kaushik/miniconda3/envs/flow_env/bin/python /home/kaushik/Kezual/Flow_analytics/regions/brussels/lane_main.py --start-date 2025-06-02 --end-date 2025-06-02 --data-dir /home/kaushik/Kezual/Flow_analytics/data --output-dir /home/kaushik/Kezual/Flow_analytics/results/mdrac --max-hours 1

