[SSM] Numba enabled with 15 threads
======================================================================
BRUSSELS TRAFFIC ANALYSIS
======================================================================
Date: 2025-06-05 00 to 2025-06-05
Data: /home/kaushik/Kezual/Flow_analytics/data
Output: /home/kaushik/Kezual/Flow_analytics/results/mdrac
Smoke mode: max_hours=24
======================================================================

Loading data...
[MEMORY] Before loading: 167.8 MB

Loading data: 100%|██████████| 24/24 [00:03<00:00,  6.79it/s]
[DF MEMORY] Loaded data: 2932.1 MB (50,402,804 rows)
Loaded 50,402,804 records

======================================================================
Lifetime Filtering
======================================================================
[lifespan filter] Removed 2,608 short-lived IDs
  Before: 88,712 IDs (50,402,804 rows)
  After: 86,104 IDs (50,262,334 rows)
[DF MEMORY] After lifetime filter: 3307.4 MB (50,262,334 rows)

======================================================================
Footpath Zone Filtering
======================================================================
Attaching footpath zones to 50,262,334 rows...
[MEMORY] Before footpath zones: 4562.2 MB

Zone assignment batches: 100%|██████████| 503/503 [00:44<00:00, 11.26it/s]
[MEMORY] After footpath zones: 7733.5 MB
✓ Zones attached! Total rows: 50,262,334
[footpath zone] Removed 1537 objects
[MEMORY] After footpath filter: 7156.8 MB

======================================================================
Crosswalk Zone Filtering
======================================================================
Attaching crosswalk zones to 48,684,164 rows...
[MEMORY] Before crosswalk zones: 7158.0 MB

Zone assignment batches: 100%|██████████| 487/487 [00:41<00:00, 11.76it/s]
[MEMORY] After crosswalk zones: 7391.4 MB
✓ Zones attached! Total rows: 48,684,164
[crosswalk] Removed 9 parallel vehicles
[MEMORY] After crosswalk filter: 7160.8 MB

======================================================================
Static Object Removal
======================================================================
[static filter] Found 8,590 static objects
[static filter] Removed 8,590 static objects
  Before: 84,558 IDs (48,629,530 rows)
  After: 75,968 IDs (24,726,834 rows)
[DF MEMORY] After static filter: 1627.1 MB (24,726,834 rows)

======================================================================
Lane Zone Assignment
======================================================================

Assigning zones to 24,726,834 vehicles using spatial join...
Processing in batches of 100,000 rows

Zone assignment: 100%|██████████| 248/248 [00:27<00:00,  9.06it/s]

✓ Zone assignment complete!
  Vehicles in zones: 6,862,546
  Vehicles outside zones: 18,422,177
zone
unknown    18422177
E-L1        2038174
B-L2        1637481
E-L2         961810
C-L1         755256
B-L1         557889
C-L2         414662
D-L1         389272
D-L2          55859
A-L1          52143
Name: count, dtype: int64

Vehicles in lanes: 6,862,546
[DF MEMORY] Lane vehicles: 850.8 MB (6,862,546 rows)

======================================================================
M-DRAC Detection
======================================================================

Generating nearby pairs...
[MEMORY] Before pair generation: 6784.1 MB
  Filtered vehicles: 2,774,009
  Generating pairs (max_distance=8.0m)...
  Processing 678,150 timestamps (batch_size=5,000)

  Pair generation: 100%|██████████| 136/136 [00:05<00:00, 26.75it/s]
  Applying overlap filter (buffer=0.5m)...
  ✓ Generated 317,931 nearby pairs (after overlap filter)
  ✓ Added zone information (zone1/zone2 columns)
✓ Generated 317,931 base pairs
[MEMORY] After pair generation: 6826.2 MB

Filtering pairs for M-DRAC...
  Label filter ([4, 6, 7, 8] × [4, 6, 7, 8]): 317,931 pairs
 Approaching pairs: 157,073
  Zone filter (same lane): 139,849 pairs (filtered 17,224 different-lane)
  Lateral filter (<= 1.8m): 49,763 pairs (filtered 90,086 not aligned)
  ✓ Total filtered: 107,310 pairs | Remaining: 49,763 pairs
  Speed diff > 0.5: 24,112
  Final MDRAC pairs: 156
✓ M-DRAC pairs after filtering: 156

Detecting M-DRAC conflicts...
  Label filter ([4, 6, 7, 8] × [4, 6, 7, 8]): 156 pairs
 Approaching pairs: 156
  Zone filter (same lane): 156 pairs (filtered 0 different-lane)
  Lateral filter (<= 1.8m): 156 pairs (filtered 0 not aligned)
  ✓ Total filtered: 0 pairs | Remaining: 156 pairs
  Speed diff > 0.5: 156
  Final MDRAC pairs: 156

======================================================================
M-DRAC Conflicts: 4
======================================================================
✓ Saved 4 conflicts to /home/kaushik/Kezual/Flow_analytics/results/mdrac/brussels/lanes/2025-06-05/mdrac_2025-06-05.csv
Saved to /home/kaushik/Kezual/Flow_analytics/results/mdrac/brussels/lanes/2025-06-05/mdrac_2025-06-05.csv

======================================================================
BRUSSELS LANE ANALYSIS COMPLETE
======================================================================
M-DRAC (Lanes): 4
======================================================================

Note: For crosswalk pedestrian-vehicle detection, run: python regions/brussels/crosswalk_main.py
$ /home/kaushik/miniconda3/envs/flow_env/bin/python /home/kaushik/Kezual/Flow_analytics/regions/brussels/lane_main.py --start-date 2025-06-05 --start-time 00 --end-date 2025-06-05 --data-dir /home/kaushik/Kezual/Flow_analytics/data --output-dir /home/kaushik/Kezual/Flow_analytics/results/mdrac --max-hours 24

